INFO: scrcpy 1.12.1 <https://github.com/Genymobile/scrcpy>
adb: error: failed to get feature set: no devices/emulators found
ERROR: "adb push" returned with value 1
INFO: scrcpy 1.12.1 <https://github.com/Genymobile/scrcpy>
adb server version (41) doesn't match this client (39); killing...
* daemon started successfully
adb: error: failed to get feature set: no devices/emulators found
ERROR: "adb push" returned with value 1
INFO: scrcpy 1.12.1 <https://github.com/Genymobile/scrcpy>
[100%] /data/local/tmp/scrcpy-server.jar
/usr/share/scrcpy/scrcpy-server: 1 file pushed. 0.4 MB/s (24773 bytes in 0.061s)
INFO: Initial texture: 720x1480
INFO: scrcpy 1.12.1 <https://github.com/Genymobile/scrcpy>
[100%] /data/local/tmp/scrcpy-server.jar
/usr/share/scrcpy/scrcpy-server: 1 file pushed. 0.6 MB/s (24773 bytes in 0.040s)
INFO: Initial texture: 1480x720
INFO: New texture: 720x1480
INFO: scrcpy 1.12.1 <https://github.com/Genymobile/scrcpy>
[100%] /data/local/tmp/scrcpy-server.jar
/usr/share/scrcpy/scrcpy-server: 1 file pushed. 0.6 MB/s (24773 bytes in 0.042s)
INFO: Initial texture: 720x1480
INFO: scrcpy 1.12.1 <https://github.com/Genymobile/scrcpy>
[100%] /data/local/tmp/scrcpy-server.jar
/usr/share/scrcpy/scrcpy-server: 1 file pushed. 0.6 MB/s (24773 bytes in 0.038s)
INFO: Initial texture: 720x1480
INFO: scrcpy 1.12.1 <https://github.com/Genymobile/scrcpy>
[100%] /data/local/tmp/scrcpy-server.jar
/usr/share/scrcpy/scrcpy-server: 1 file pushed. 0.7 MB/s (24773 bytes in 0.033s)
INFO: Initial texture: 720x1480
INFO: scrcpy 1.12.1 <https://github.com/Genymobile/scrcpy>
[100%] /data/local/tmp/scrcpy-server.jar
/usr/share/scrcpy/scrcpy-server: 1 file pushed. 1.6 MB/s (24773 bytes in 0.015s)
INFO: Initial texture: 720x1480
INFO: scrcpy 1.12.1 <https://github.com/Genymobile/scrcpy>
[100%] /data/local/tmp/scrcpy-server.jar
/usr/share/scrcpy/scrcpy-server: 1 file pushed. 0.2 MB/s (24773 bytes in 0.110s)
INFO: Initial texture: 720x1480
INFO: New texture: 1480x720
INFO: New texture: 720x1480
INFO: scrcpy 1.12.1 <https://github.com/Genymobile/scrcpy>
[100%] /data/local/tmp/scrcpy-server.jar
/usr/share/scrcpy/scrcpy-server: 1 file pushed. 0.4 MB/s (24773 bytes in 0.063s)
INFO: Initial texture: 720x1480
INFO: scrcpy 1.12.1 <https://github.com/Genymobile/scrcpy>
[100%] /data/local/tmp/scrcpy-server.jar
/usr/share/scrcpy/scrcpy-server: 1 file pushed. 0.8 MB/s (24773 bytes in 0.031s)
INFO: Initial texture: 720x1480
